<?xml version="1.0" encoding="UTF-8"?>
<!-- Generated by org.testng.reporters.JUnitXMLReporter -->
<testsuite hostname="LAPTOP-3QOSS73T" ignored="0" name="nopCommerce Test1" tests="2" failures="0" timestamp="03 May 2020 21:58:50 GMT" time="67.483" errors="0">
  <testcase name="loginTest" time="16.815" classname="com.nopcommerce.testCases.TC_LoginTest_001"/>
  <testcase name="addNewCustomer" time="28.353" classname="com.nopcommerce.testCases.TC_AddCustomerTest_003"/>
</testsuite> <!-- nopCommerce Test1 -->
