<?xml version="1.0" encoding="UTF-8"?>
<testng-results skipped="0" failed="0" ignored="0" total="2" passed="2">
  <reporter-output>
  </reporter-output>
  <suite name="nopCommerce" duration-ms="75746" started-at="2020-05-03T22:00:15Z" finished-at="2020-05-03T22:01:31Z">
    <groups>
    </groups>
    <test name="nopCommerce Test1" duration-ms="75746" started-at="2020-05-03T22:00:15Z" finished-at="2020-05-03T22:01:31Z">
      <class name="com.nopcommerce.testCases.TC_LoginTest_001">
        <test-method status="PASS" signature="setup(java.lang.String)[pri:0, instance:com.nopcommerce.testCases.TC_LoginTest_001@506e6d5e]" name="setup" is-config="true" duration-ms="11100" started-at="2020-05-03T22:00:16Z" finished-at="2020-05-03T22:00:27Z">
          <params>
            <param index="0">
              <value>
                <![CDATA[chrome]]>
              </value>
            </param>
          </params>
          <reporter-output>
          </reporter-output>
        </test-method> <!-- setup -->
        <test-method status="PASS" signature="loginTest()[pri:0, instance:com.nopcommerce.testCases.TC_LoginTest_001@506e6d5e]" name="loginTest" duration-ms="30247" started-at="2020-05-03T22:00:27Z" finished-at="2020-05-03T22:00:57Z">
          <reporter-output>
          </reporter-output>
        </test-method> <!-- loginTest -->
        <test-method status="PASS" signature="tearDown()[pri:0, instance:com.nopcommerce.testCases.TC_LoginTest_001@506e6d5e]" name="tearDown" is-config="true" duration-ms="71" started-at="2020-05-03T22:00:57Z" finished-at="2020-05-03T22:00:57Z">
          <reporter-output>
          </reporter-output>
        </test-method> <!-- tearDown -->
      </class> <!-- com.nopcommerce.testCases.TC_LoginTest_001 -->
      <class name="com.nopcommerce.testCases.TC_AddCustomerTest_003">
        <test-method status="PASS" signature="setup(java.lang.String)[pri:0, instance:com.nopcommerce.testCases.TC_AddCustomerTest_003@96532d6]" name="setup" is-config="true" duration-ms="11300" started-at="2020-05-03T22:00:57Z" finished-at="2020-05-03T22:01:08Z">
          <params>
            <param index="0">
              <value>
                <![CDATA[chrome]]>
              </value>
            </param>
          </params>
          <reporter-output>
          </reporter-output>
        </test-method> <!-- setup -->
        <test-method status="PASS" signature="addNewCustomer()[pri:0, instance:com.nopcommerce.testCases.TC_AddCustomerTest_003@96532d6]" name="addNewCustomer" duration-ms="22572" started-at="2020-05-03T22:01:08Z" finished-at="2020-05-03T22:01:31Z">
          <reporter-output>
          </reporter-output>
        </test-method> <!-- addNewCustomer -->
        <test-method status="PASS" signature="tearDown()[pri:0, instance:com.nopcommerce.testCases.TC_AddCustomerTest_003@96532d6]" name="tearDown" is-config="true" duration-ms="72" started-at="2020-05-03T22:01:31Z" finished-at="2020-05-03T22:01:31Z">
          <reporter-output>
          </reporter-output>
        </test-method> <!-- tearDown -->
      </class> <!-- com.nopcommerce.testCases.TC_AddCustomerTest_003 -->
    </test> <!-- nopCommerce Test1 -->
  </suite> <!-- nopCommerce -->
</testng-results>
