<?xml version="1.0" encoding="UTF-8"?>
<!-- Generated by org.testng.reporters.JUnitXMLReporter -->
<testsuite hostname="LAPTOP-3QOSS73T" ignored="0" name="nopCommerce Test1" tests="2" failures="0" timestamp="03 May 2020 22:01:31 GMT" time="75.746" errors="0">
  <testcase name="loginTest" time="30.247" classname="com.nopcommerce.testCases.TC_LoginTest_001"/>
  <testcase name="addNewCustomer" time="22.572" classname="com.nopcommerce.testCases.TC_AddCustomerTest_003"/>
</testsuite> <!-- nopCommerce Test1 -->
