<?xml version="1.0" encoding="UTF-8"?>
<testng-results skipped="0" failed="0" ignored="0" total="2" passed="2">
  <reporter-output>
  </reporter-output>
  <suite name="nopCommerce" duration-ms="67483" started-at="2020-05-03T21:57:42Z" finished-at="2020-05-03T21:58:50Z">
    <groups>
    </groups>
    <test name="nopCommerce Test1" duration-ms="67483" started-at="2020-05-03T21:57:42Z" finished-at="2020-05-03T21:58:50Z">
      <class name="com.nopcommerce.testCases.TC_LoginTest_001">
        <test-method status="PASS" signature="setup(java.lang.String)[pri:0, instance:com.nopcommerce.testCases.TC_LoginTest_001@e25b2fe]" name="setup" is-config="true" duration-ms="11821" started-at="2020-05-03T21:57:43Z" finished-at="2020-05-03T21:57:55Z">
          <params>
            <param index="0">
              <value>
                <![CDATA[chrome]]>
              </value>
            </param>
          </params>
          <reporter-output>
          </reporter-output>
        </test-method> <!-- setup -->
        <test-method status="PASS" signature="loginTest()[pri:0, instance:com.nopcommerce.testCases.TC_LoginTest_001@e25b2fe]" name="loginTest" duration-ms="16815" started-at="2020-05-03T21:57:55Z" finished-at="2020-05-03T21:58:11Z">
          <reporter-output>
          </reporter-output>
        </test-method> <!-- loginTest -->
        <test-method status="PASS" signature="tearDown()[pri:0, instance:com.nopcommerce.testCases.TC_LoginTest_001@e25b2fe]" name="tearDown" is-config="true" duration-ms="159" started-at="2020-05-03T21:58:11Z" finished-at="2020-05-03T21:58:12Z">
          <reporter-output>
          </reporter-output>
        </test-method> <!-- tearDown -->
      </class> <!-- com.nopcommerce.testCases.TC_LoginTest_001 -->
      <class name="com.nopcommerce.testCases.TC_AddCustomerTest_003">
        <test-method status="PASS" signature="setup(java.lang.String)[pri:0, instance:com.nopcommerce.testCases.TC_AddCustomerTest_003@754ba872]" name="setup" is-config="true" duration-ms="9661" started-at="2020-05-03T21:58:12Z" finished-at="2020-05-03T21:58:21Z">
          <params>
            <param index="0">
              <value>
                <![CDATA[chrome]]>
              </value>
            </param>
          </params>
          <reporter-output>
          </reporter-output>
        </test-method> <!-- setup -->
        <test-method status="PASS" signature="addNewCustomer()[pri:0, instance:com.nopcommerce.testCases.TC_AddCustomerTest_003@754ba872]" name="addNewCustomer" duration-ms="28353" started-at="2020-05-03T21:58:21Z" finished-at="2020-05-03T21:58:50Z">
          <reporter-output>
          </reporter-output>
        </test-method> <!-- addNewCustomer -->
        <test-method status="PASS" signature="tearDown()[pri:0, instance:com.nopcommerce.testCases.TC_AddCustomerTest_003@754ba872]" name="tearDown" is-config="true" duration-ms="188" started-at="2020-05-03T21:58:50Z" finished-at="2020-05-03T21:58:50Z">
          <reporter-output>
          </reporter-output>
        </test-method> <!-- tearDown -->
      </class> <!-- com.nopcommerce.testCases.TC_AddCustomerTest_003 -->
    </test> <!-- nopCommerce Test1 -->
  </suite> <!-- nopCommerce -->
</testng-results>
